<?xml version="1.0" encoding="UTF-8"?>
<testsuite xmlns:xsi="http://www.w3.org/2001/XMLSchema-instance" xsi:noNamespaceSchemaLocation="https://maven.apache.org/surefire/maven-surefire-plugin/xsd/surefire-test-report.xsd" name="test.StudentMapperTest" time="1.926" tests="5" errors="1" skipped="0" failures="0">
  <properties>
[...]
</properties>
  <testcase name="deleteStudentId" classname="test.StudentMapperTest" time="0.554"/>
  <testcase name="selectStudent" classname="test.StudentMapperTest" time="0.186"/>
  <testcase name="updateStudent" classname="test.StudentMapperTest" time="0.106"/>
  <testcase name="selectStudentId" classname="test.StudentMapperTest" time="0.129"/>
  <testcase name="insertStudent" classname="test.StudentMapperTest" time="0.142">
    <error message="&#10;### Error updating database.  Cause: com.mysql.jdbc.exceptions.jdbc4.MySQLIntegrityConstraintViolationException: Duplicate entry &apos;51121&apos; for key &apos;stunum&apos;&#10;### The error may involve test.StudentMapper.insertStudent-Inline&#10;### The error occurred while setting parameters&#10;### SQL: insert  into bj (id,name,qq,type,time,stunum) values (?,?,?,?,?,?)&#10;### Cause: com.mysql.jdbc.exceptions.jdbc4.MySQLIntegrityConstraintViolationException: Duplicate entry &apos;51121&apos; for key &apos;stunum&apos;&#10;; SQL []; Duplicate entry &apos;51121&apos; for key &apos;stunum&apos;; nested exception is com.mysql.jdbc.exceptions.jdbc4.MySQLIntegrityConstraintViolationException: Duplicate entry &apos;51121&apos; for key &apos;stunum&apos;" type="org.springframework.dao.DuplicateKeyException">org.springframework.dao.DuplicateKeyException: 

### Error updating database.  Cause: com.mysql.jdbc.exceptions.jdbc4.MySQLIntegrityConstraintViolationException: Duplicate entry '51121' for key 'stunum'
### The error may involve test.StudentMapper.insertStudent-Inline
### The error occurred while setting parameters
### SQL: insert  into bj (id,name,qq,type,time,stunum) values (?,?,?,?,?,?)
### Cause: com.mysql.jdbc.exceptions.jdbc4.MySQLIntegrityConstraintViolationException: Duplicate entry '51121' for key 'stunum'
; SQL []; Duplicate entry '51121' for key 'stunum'; nested exception is com.mysql.jdbc.exceptions.jdbc4.MySQLIntegrityConstraintViolationException: Duplicate entry '51121' for key 'stunum'
	at test.StudentMapperTest.insertStudent(StudentMapperTest.java:49)
Caused by: com.mysql.jdbc.exceptions.jdbc4.MySQLIntegrityConstraintViolationException: Duplicate entry '51121' for key 'stunum'
	at test.StudentMapperTest.insertStudent(StudentMapperTest.java:49)
</error>
    <system-out><![CDATA[[DEBUG] 2019-11-09 00:09:18,241 method:org.apache.ibatis.logging.commons.JakartaCommonsLoggingImpl.debug(JakartaCommonsLoggingImpl.java:49)
Property `configuration` or 'configLocation' not specified, using default MyBatis Configuration
[DEBUG] 2019-11-09 00:09:18,249 method:org.apache.ibatis.logging.commons.JakartaCommonsLoggingImpl.debug(JakartaCommonsLoggingImpl.java:49)
Parsed mapper file: 'URL [file:/E:/IdeaWorkspace/springmybatis/target/classes/StudentMapper.xml]'
[DEBUG] 2019-11-09 00:09:18,260 method:org.apache.ibatis.logging.commons.JakartaCommonsLoggingImpl.debug(JakartaCommonsLoggingImpl.java:49)
Creating a new SqlSession
[DEBUG] 2019-11-09 00:09:18,260 method:org.apache.ibatis.logging.commons.JakartaCommonsLoggingImpl.debug(JakartaCommonsLoggingImpl.java:49)
SqlSession [org.apache.ibatis.session.defaults.DefaultSqlSession@74e28667] was not registered for synchronization because synchronization is not active
[DEBUG] 2019-11-09 00:09:18,266 method:org.apache.ibatis.logging.commons.JakartaCommonsLoggingImpl.debug(JakartaCommonsLoggingImpl.java:49)
JDBC Connection [com.mysql.jdbc.JDBC4Connection@795509d9] will not be managed by Spring
[DEBUG] 2019-11-09 00:09:18,267 method:org.apache.ibatis.logging.commons.JakartaCommonsLoggingImpl.debug(JakartaCommonsLoggingImpl.java:49)
==>  Preparing: insert into bj (id,name,qq,type,time,stunum) values (?,?,?,?,?,?) 
[DEBUG] 2019-11-09 00:09:18,269 method:org.apache.ibatis.logging.commons.JakartaCommonsLoggingImpl.debug(JakartaCommonsLoggingImpl.java:49)
==> Parameters: 18(Integer), 张搜索(String), 88452(Integer), 前端(String), 2015年3月3日(String), 51121(Integer)
[DEBUG] 2019-11-09 00:09:18,364 method:org.apache.ibatis.logging.commons.JakartaCommonsLoggingImpl.debug(JakartaCommonsLoggingImpl.java:49)
Closing non transactional SqlSession [org.apache.ibatis.session.defaults.DefaultSqlSession@74e28667]
]]></system-out>
  </testcase>
</testsuite>