<?xml version="1.0" encoding="UTF-8"?>
<testsuite xmlns:xsi="http://www.w3.org/2001/XMLSchema-instance" xsi:noNamespaceSchemaLocation="https://maven.apache.org/surefire/maven-surefire-plugin/xsd/surefire-test-report.xsd" name="com.ptteng.mapper.StudentMapperTest" time="1.229" tests="4" errors="0" skipped="0" failures="0">
  <properties>
[...]
</properties>
  <testcase name="deleteStudentId" classname="com.ptteng.mapper.StudentMapperTest" time="0.377"/>
  <testcase name="selectStudent" classname="com.ptteng.mapper.StudentMapperTest" time="0.039"/>
  <testcase name="updateStudent" classname="com.ptteng.mapper.StudentMapperTest" time="0.048"/>
  <testcase name="selectStudentId" classname="com.ptteng.mapper.StudentMapperTest" time="0.015"/>
</testsuite>